INFO:sim:172 - Generating IP...
Applying current project options...
Finished applying current project options.
WARNING:sim - A core named 'graphic_ram' already exists in the project. Output
   products for this core may be overwritten.
Resolving generics for 'graphic_ram'...
WARNING:sim - A core named 'graphic_ram' already exists in the project. Output
   products for this core may be overwritten.
Applying external generics to 'graphic_ram'...
Delivering associated files for 'graphic_ram'...
Delivering EJava files for 'graphic_ram'...
Generating implementation netlist for 'graphic_ram'...
INFO:sim - Pre-processing HDL files for 'graphic_ram'...
Running synthesis for 'graphic_ram'
Running ngcbuild...
Writing VHO instantiation template for 'graphic_ram'...
Writing VHDL behavioral simulation model for 'graphic_ram'...
WARNING:sim - Overwriting existing file
   D:/xilinx_projects/vga_driver/ipcore_dir/tmp/_cg/graphic_ram/doc/blk_mem_gen_
   v7_3_vinfo.html with file from view xilinx_documentation
Delivered 1 file into directory
D:/xilinx_projects/vga_driver/ipcore_dir/tmp/_cg/graphic_ram
Generating ASY schematic symbol...
INFO:sim:949 - Finished generation of ASY schematic symbol.
Generating SYM schematic symbol for 'graphic_ram'...
Generating metadata file...
Regenerating ISE project file for 'graphic_ram'...
Generating ISE project...
XCO file found: graphic_ram.xco
XMDF file found: graphic_ram_xmdf.tcl
Adding D:/xilinx_projects/vga_driver/ipcore_dir/tmp/_cg/graphic_ram.asy -view
all -origin_type imported
Adding D:/xilinx_projects/vga_driver/ipcore_dir/tmp/_cg/graphic_ram.ngc -view
all -origin_type created
Checking file "D:/xilinx_projects/vga_driver/ipcore_dir/tmp/_cg/graphic_ram.ngc"
for project device match ...
File "D:/xilinx_projects/vga_driver/ipcore_dir/tmp/_cg/graphic_ram.ngc" device
information matches project device.
Adding D:/xilinx_projects/vga_driver/ipcore_dir/tmp/_cg/graphic_ram.sym -view
all -origin_type imported
Adding D:/xilinx_projects/vga_driver/ipcore_dir/tmp/_cg/graphic_ram.vhd -view
all -origin_type created
INFO:HDLCompiler:1061 - Parsing VHDL file
   "D:/xilinx_projects/vga_driver/ipcore_dir/tmp/_cg/graphic_ram.vhd" into
   library work
INFO:ProjectMgmt - Parsing design hierarchy completed successfully.
Adding D:/xilinx_projects/vga_driver/ipcore_dir/tmp/_cg/graphic_ram.vho -view
all -origin_type imported
INFO:TclTasksC:2116 - The automatic calculation of top has been turned-off.
   Please set the new top explicitly by running the "project set top" command.
   To re-calculate the new top automatically, set the "Auto Implementation Top"
   property to true.
Top level has been set to "/graphic_ram"
Generating README file...
Generating FLIST file...
INFO:sim:948 - Finished FLIST file generation.
Launching README viewer...
Moving files to output directory...
Finished moving files to output directory
Wrote CGP file for project 'graphic_ram'.
